g:\stb\blepo_0.6.10_for_ece847\blepo\src\debug\blepo.bsc
g:\stb\blepo_0.6.10_for_ece847\blepo\src\debug\blepo.pdb
g:\stb\blepo_0.6.10_for_ece847\blepo\src\debug\blepo.idb
g:\stb\blepo_0.6.10_for_ece847\blepo\src\debug\utilities.sbr
g:\stb\blepo_0.6.10_for_ece847\blepo\src\debug\pointsizerect.sbr
g:\stb\blepo_0.6.10_for_ece847\blepo\src\debug\mutex.sbr
g:\stb\blepo_0.6.10_for_ece847\blepo\src\debug\mt.sbr
g:\stb\blepo_0.6.10_for_ece847\blepo\src\debug\math.sbr
g:\stb\blepo_0.6.10_for_ece847\blepo\src\debug\exception.sbr
g:\stb\blepo_0.6.10_for_ece847\blepo\src\debug\array.sbr
g:\stb\blepo_0.6.10_for_ece847\blepo\src\debug\quick.sbr
g:\stb\blepo_0.6.10_for_ece847\blepo\src\debug\matrixoperations.sbr
g:\stb\blepo_0.6.10_for_ece847\blepo\src\debug\matrix.sbr
g:\stb\blepo_0.6.10_for_ece847\blepo\src\debug\linearalgebra.sbr
g:\stb\blepo_0.6.10_for_ece847\blepo\src\debug\pnmfile.sbr
g:\stb\blepo_0.6.10_for_ece847\blepo\src\debug\jpegfile.sbr
g:\stb\blepo_0.6.10_for_ece847\blepo\src\debug\bmpfile.sbr
g:\stb\blepo_0.6.10_for_ece847\blepo\src\debug\rlist.sbr
g:\stb\blepo_0.6.10_for_ece847\blepo\src\debug\ralist.sbr
g:\stb\blepo_0.6.10_for_ece847\blepo\src\debug\msimageprocessor.sbr
g:\stb\blepo_0.6.10_for_ece847\blepo\src\debug\ms.sbr
g:\stb\blepo_0.6.10_for_ece847\blepo\src\debug\watershed.sbr
g:\stb\blepo_0.6.10_for_ece847\blepo\src\debug\wallfollow.sbr
g:\stb\blepo_0.6.10_for_ece847\blepo\src\debug\wallfollow.obj
g:\stb\blepo_0.6.10_for_ece847\blepo\src\debug\watershed.obj
g:\stb\blepo_0.6.10_for_ece847\blepo\src\debug\ms.obj
g:\stb\blepo_0.6.10_for_ece847\blepo\src\debug\msimageprocessor.obj
g:\stb\blepo_0.6.10_for_ece847\blepo\src\debug\ralist.obj
g:\stb\blepo_0.6.10_for_ece847\blepo\src\debug\rlist.obj
g:\stb\blepo_0.6.10_for_ece847\blepo\src\debug\bmpfile.obj
g:\stb\blepo_0.6.10_for_ece847\blepo\src\debug\jpegfile.obj
g:\stb\blepo_0.6.10_for_ece847\blepo\src\debug\pnmfile.obj
g:\stb\blepo_0.6.10_for_ece847\blepo\src\debug\linearalgebra.obj
g:\stb\blepo_0.6.10_for_ece847\blepo\src\debug\matrix.obj
g:\stb\blepo_0.6.10_for_ece847\blepo\src\debug\matrixoperations.obj
g:\stb\blepo_0.6.10_for_ece847\blepo\src\debug\quick.obj
g:\stb\blepo_0.6.10_for_ece847\blepo\src\debug\array.obj
g:\stb\blepo_0.6.10_for_ece847\blepo\src\debug\exception.obj
g:\stb\blepo_0.6.10_for_ece847\blepo\src\debug\math.obj
g:\stb\blepo_0.6.10_for_ece847\blepo\src\debug\mt.obj
g:\stb\blepo_0.6.10_for_ece847\blepo\src\debug\mutex.obj
g:\stb\blepo_0.6.10_for_ece847\blepo\src\debug\pointsizerect.obj
g:\stb\blepo_0.6.10_for_ece847\blepo\src\debug\utilities.obj
g:\stb\blepo_0.6.10_for_ece847\blepo\src\debug\surf.sbr
g:\stb\blepo_0.6.10_for_ece847\blepo\src\debug\splitandmerge.sbr
g:\stb\blepo_0.6.10_for_ece847\blepo\src\debug\regionprops.sbr
g:\stb\blepo_0.6.10_for_ece847\blepo\src\debug\realtimestereo.sbr
g:\stb\blepo_0.6.10_for_ece847\blepo\src\debug\motion.sbr
g:\stb\blepo_0.6.10_for_ece847\blepo\src\debug\maxflowmincut.sbr
g:\stb\blepo_0.6.10_for_ece847\blepo\src\debug\lucaskanade.sbr
g:\stb\blepo_0.6.10_for_ece847\blepo\src\debug\linefitting.sbr
g:\stb\blepo_0.6.10_for_ece847\blepo\src\debug\jointfeaturetracker.sbr
g:\stb\blepo_0.6.10_for_ece847\blepo\src\debug\intelhough.sbr
g:\stb\blepo_0.6.10_for_ece847\blepo\src\debug\hornschunck.sbr
g:\stb\blepo_0.6.10_for_ece847\blepo\src\debug\histogram.sbr
g:\stb\blepo_0.6.10_for_ece847\blepo\src\debug\floodfill.sbr
g:\stb\blepo_0.6.10_for_ece847\blepo\src\debug\filters.sbr
g:\stb\blepo_0.6.10_for_ece847\blepo\src\debug\fhgraphsegmentation.sbr
g:\stb\blepo_0.6.10_for_ece847\blepo\src\debug\fastfeaturetracker.sbr
g:\stb\blepo_0.6.10_for_ece847\blepo\src\debug\facedetector.sbr
g:\stb\blepo_0.6.10_for_ece847\blepo\src\debug\ellipticalheadtracker.sbr
g:\stb\blepo_0.6.10_for_ece847\blepo\src\debug\efrosleung.sbr
g:\stb\blepo_0.6.10_for_ece847\blepo\src\debug\edison.sbr
g:\stb\blepo_0.6.10_for_ece847\blepo\src\debug\edison.obj
g:\stb\blepo_0.6.10_for_ece847\blepo\src\debug\efrosleung.obj
g:\stb\blepo_0.6.10_for_ece847\blepo\src\debug\ellipticalheadtracker.obj
g:\stb\blepo_0.6.10_for_ece847\blepo\src\debug\facedetector.obj
g:\stb\blepo_0.6.10_for_ece847\blepo\src\debug\fastfeaturetracker.obj
g:\stb\blepo_0.6.10_for_ece847\blepo\src\debug\fhgraphsegmentation.obj
g:\stb\blepo_0.6.10_for_ece847\blepo\src\debug\filters.obj
g:\stb\blepo_0.6.10_for_ece847\blepo\src\debug\floodfill.obj
g:\stb\blepo_0.6.10_for_ece847\blepo\src\debug\histogram.obj
g:\stb\blepo_0.6.10_for_ece847\blepo\src\debug\hornschunck.obj
g:\stb\blepo_0.6.10_for_ece847\blepo\src\debug\intelhough.obj
g:\stb\blepo_0.6.10_for_ece847\blepo\src\debug\jointfeaturetracker.obj
g:\stb\blepo_0.6.10_for_ece847\blepo\src\debug\linefitting.obj
g:\stb\blepo_0.6.10_for_ece847\blepo\src\debug\lucaskanade.obj
g:\stb\blepo_0.6.10_for_ece847\blepo\src\debug\maxflowmincut.obj
g:\stb\blepo_0.6.10_for_ece847\blepo\src\debug\motion.obj
g:\stb\blepo_0.6.10_for_ece847\blepo\src\debug\realtimestereo.obj
g:\stb\blepo_0.6.10_for_ece847\blepo\src\debug\regionprops.obj
g:\stb\blepo_0.6.10_for_ece847\blepo\src\debug\splitandmerge.obj
g:\stb\blepo_0.6.10_for_ece847\blepo\src\debug\surf.obj
g:\stb\blepo_0.6.10_for_ece847\blepo\src\debug\crosscorrelation.sbr
g:\stb\blepo_0.6.10_for_ece847\blepo\src\debug\connectedcomponents.sbr
g:\stb\blepo_0.6.10_for_ece847\blepo\src\debug\chanvese.sbr
g:\stb\blepo_0.6.10_for_ece847\blepo\src\debug\chamfer.sbr
g:\stb\blepo_0.6.10_for_ece847\blepo\src\debug\canny.sbr
g:\stb\blepo_0.6.10_for_ece847\blepo\src\debug\camshift.sbr
g:\stb\blepo_0.6.10_for_ece847\blepo\src\debug\calibration.sbr
g:\stb\blepo_0.6.10_for_ece847\blepo\src\debug\activecontour.sbr
g:\stb\blepo_0.6.10_for_ece847\blepo\src\debug\imgiplimage.sbr
g:\stb\blepo_0.6.10_for_ece847\blepo\src\debug\imageoperations.sbr
g:\stb\blepo_0.6.10_for_ece847\blepo\src\debug\image.sbr
g:\stb\blepo_0.6.10_for_ece847\blepo\src\debug\figureglut.sbr
g:\stb\blepo_0.6.10_for_ece847\blepo\src\debug\figure.sbr
g:\stb\blepo_0.6.10_for_ece847\blepo\src\debug\figure.obj
g:\stb\blepo_0.6.10_for_ece847\blepo\src\debug\figureglut.obj
g:\stb\blepo_0.6.10_for_ece847\blepo\src\debug\image.obj
g:\stb\blepo_0.6.10_for_ece847\blepo\src\debug\imageoperations.obj
g:\stb\blepo_0.6.10_for_ece847\blepo\src\debug\imgiplimage.obj
g:\stb\blepo_0.6.10_for_ece847\blepo\src\debug\activecontour.obj
g:\stb\blepo_0.6.10_for_ece847\blepo\src\debug\calibration.obj
g:\stb\blepo_0.6.10_for_ece847\blepo\src\debug\camshift.obj
g:\stb\blepo_0.6.10_for_ece847\blepo\src\debug\canny.obj
g:\stb\blepo_0.6.10_for_ece847\blepo\src\debug\chamfer.obj
g:\stb\blepo_0.6.10_for_ece847\blepo\src\debug\chanvese.obj
g:\stb\blepo_0.6.10_for_ece847\blepo\src\debug\connectedcomponents.obj
g:\stb\blepo_0.6.10_for_ece847\blepo\src\debug\crosscorrelation.obj
g:\stb\blepo_0.6.10_for_ece847\blepo\src\debug\jutils.sbr
g:\stb\blepo_0.6.10_for_ece847\blepo\src\debug\jquant2.sbr
g:\stb\blepo_0.6.10_for_ece847\blepo\src\debug\jquant1.sbr
g:\stb\blepo_0.6.10_for_ece847\blepo\src\debug\jpegtran.sbr
g:\stb\blepo_0.6.10_for_ece847\blepo\src\debug\jmemsrc.sbr
g:\stb\blepo_0.6.10_for_ece847\blepo\src\debug\jmemnobs.sbr
g:\stb\blepo_0.6.10_for_ece847\blepo\src\debug\jmemmgr.sbr
g:\stb\blepo_0.6.10_for_ece847\blepo\src\debug\jmemdst.sbr
g:\stb\blepo_0.6.10_for_ece847\blepo\src\debug\jidctred.sbr
g:\stb\blepo_0.6.10_for_ece847\blepo\src\debug\jidctint.sbr
g:\stb\blepo_0.6.10_for_ece847\blepo\src\debug\jidctfst.sbr
g:\stb\blepo_0.6.10_for_ece847\blepo\src\debug\jidctflt.sbr
g:\stb\blepo_0.6.10_for_ece847\blepo\src\debug\jfdctint.sbr
g:\stb\blepo_0.6.10_for_ece847\blepo\src\debug\jfdctfst.sbr
g:\stb\blepo_0.6.10_for_ece847\blepo\src\debug\jfdctflt.sbr
g:\stb\blepo_0.6.10_for_ece847\blepo\src\debug\jerror.sbr
g:\stb\blepo_0.6.10_for_ece847\blepo\src\debug\jdtrans.sbr
g:\stb\blepo_0.6.10_for_ece847\blepo\src\debug\jdsample.sbr
g:\stb\blepo_0.6.10_for_ece847\blepo\src\debug\jdpostct.sbr
g:\stb\blepo_0.6.10_for_ece847\blepo\src\debug\jdphuff.sbr
g:\stb\blepo_0.6.10_for_ece847\blepo\src\debug\jdphuff.obj
g:\stb\blepo_0.6.10_for_ece847\blepo\src\debug\jdpostct.obj
g:\stb\blepo_0.6.10_for_ece847\blepo\src\debug\jdsample.obj
g:\stb\blepo_0.6.10_for_ece847\blepo\src\debug\jdtrans.obj
g:\stb\blepo_0.6.10_for_ece847\blepo\src\debug\jerror.obj
g:\stb\blepo_0.6.10_for_ece847\blepo\src\debug\jfdctflt.obj
g:\stb\blepo_0.6.10_for_ece847\blepo\src\debug\jfdctfst.obj
g:\stb\blepo_0.6.10_for_ece847\blepo\src\debug\jfdctint.obj
g:\stb\blepo_0.6.10_for_ece847\blepo\src\debug\jidctflt.obj
g:\stb\blepo_0.6.10_for_ece847\blepo\src\debug\jidctfst.obj
g:\stb\blepo_0.6.10_for_ece847\blepo\src\debug\jidctint.obj
g:\stb\blepo_0.6.10_for_ece847\blepo\src\debug\jidctred.obj
g:\stb\blepo_0.6.10_for_ece847\blepo\src\debug\jmemdst.obj
g:\stb\blepo_0.6.10_for_ece847\blepo\src\debug\jmemmgr.obj
g:\stb\blepo_0.6.10_for_ece847\blepo\src\debug\jmemnobs.obj
g:\stb\blepo_0.6.10_for_ece847\blepo\src\debug\jmemsrc.obj
g:\stb\blepo_0.6.10_for_ece847\blepo\src\debug\jpegtran.obj
g:\stb\blepo_0.6.10_for_ece847\blepo\src\debug\jquant1.obj
g:\stb\blepo_0.6.10_for_ece847\blepo\src\debug\jquant2.obj
g:\stb\blepo_0.6.10_for_ece847\blepo\src\debug\jutils.obj
g:\stb\blepo_0.6.10_for_ece847\blepo\src\debug\jdmerge.sbr
g:\stb\blepo_0.6.10_for_ece847\blepo\src\debug\jdmaster.sbr
g:\stb\blepo_0.6.10_for_ece847\blepo\src\debug\jdmarker.sbr
g:\stb\blepo_0.6.10_for_ece847\blepo\src\debug\jdmainct.sbr
g:\stb\blepo_0.6.10_for_ece847\blepo\src\debug\jdinput.sbr
g:\stb\blepo_0.6.10_for_ece847\blepo\src\debug\jdhuff.sbr
g:\stb\blepo_0.6.10_for_ece847\blepo\src\debug\jddctmgr.sbr
g:\stb\blepo_0.6.10_for_ece847\blepo\src\debug\jdcolor.sbr
g:\stb\blepo_0.6.10_for_ece847\blepo\src\debug\jdcoefct.sbr
g:\stb\blepo_0.6.10_for_ece847\blepo\src\debug\jdatasrc.sbr
g:\stb\blepo_0.6.10_for_ece847\blepo\src\debug\jdatadst.sbr
g:\stb\blepo_0.6.10_for_ece847\blepo\src\debug\jdapistd.sbr
g:\stb\blepo_0.6.10_for_ece847\blepo\src\debug\jdapimin.sbr
g:\stb\blepo_0.6.10_for_ece847\blepo\src\debug\jctrans.sbr
g:\stb\blepo_0.6.10_for_ece847\blepo\src\debug\jcsample.sbr
g:\stb\blepo_0.6.10_for_ece847\blepo\src\debug\jcprepct.sbr
g:\stb\blepo_0.6.10_for_ece847\blepo\src\debug\jcphuff.sbr
g:\stb\blepo_0.6.10_for_ece847\blepo\src\debug\jcparam.sbr
g:\stb\blepo_0.6.10_for_ece847\blepo\src\debug\jcomapi.sbr
g:\stb\blepo_0.6.10_for_ece847\blepo\src\debug\jcmaster.sbr
g:\stb\blepo_0.6.10_for_ece847\blepo\src\debug\jcmaster.obj
g:\stb\blepo_0.6.10_for_ece847\blepo\src\debug\jcomapi.obj
g:\stb\blepo_0.6.10_for_ece847\blepo\src\debug\jcparam.obj
g:\stb\blepo_0.6.10_for_ece847\blepo\src\debug\jcphuff.obj
g:\stb\blepo_0.6.10_for_ece847\blepo\src\debug\jcprepct.obj
g:\stb\blepo_0.6.10_for_ece847\blepo\src\debug\jcsample.obj
g:\stb\blepo_0.6.10_for_ece847\blepo\src\debug\jctrans.obj
g:\stb\blepo_0.6.10_for_ece847\blepo\src\debug\jdapimin.obj
g:\stb\blepo_0.6.10_for_ece847\blepo\src\debug\jdapistd.obj
g:\stb\blepo_0.6.10_for_ece847\blepo\src\debug\jdatadst.obj
g:\stb\blepo_0.6.10_for_ece847\blepo\src\debug\jdatasrc.obj
g:\stb\blepo_0.6.10_for_ece847\blepo\src\debug\jdcoefct.obj
g:\stb\blepo_0.6.10_for_ece847\blepo\src\debug\jdcolor.obj
g:\stb\blepo_0.6.10_for_ece847\blepo\src\debug\jddctmgr.obj
g:\stb\blepo_0.6.10_for_ece847\blepo\src\debug\jdhuff.obj
g:\stb\blepo_0.6.10_for_ece847\blepo\src\debug\jdinput.obj
g:\stb\blepo_0.6.10_for_ece847\blepo\src\debug\jdmainct.obj
g:\stb\blepo_0.6.10_for_ece847\blepo\src\debug\jdmarker.obj
g:\stb\blepo_0.6.10_for_ece847\blepo\src\debug\jdmaster.obj
g:\stb\blepo_0.6.10_for_ece847\blepo\src\debug\jdmerge.obj
g:\stb\blepo_0.6.10_for_ece847\blepo\src\debug\jcmarker.sbr
g:\stb\blepo_0.6.10_for_ece847\blepo\src\debug\jcmainct.sbr
g:\stb\blepo_0.6.10_for_ece847\blepo\src\debug\jcinit.sbr
g:\stb\blepo_0.6.10_for_ece847\blepo\src\debug\jchuff.sbr
g:\stb\blepo_0.6.10_for_ece847\blepo\src\debug\jcdctmgr.sbr
g:\stb\blepo_0.6.10_for_ece847\blepo\src\debug\jccolor.sbr
g:\stb\blepo_0.6.10_for_ece847\blepo\src\debug\jccoefct.sbr
g:\stb\blepo_0.6.10_for_ece847\blepo\src\debug\jcapistd.sbr
g:\stb\blepo_0.6.10_for_ece847\blepo\src\debug\jcapimin.sbr
g:\stb\blepo_0.6.10_for_ece847\blepo\src\debug\writefeatures.sbr
g:\stb\blepo_0.6.10_for_ece847\blepo\src\debug\trackfeatures.sbr
g:\stb\blepo_0.6.10_for_ece847\blepo\src\debug\storefeatures.sbr
g:\stb\blepo_0.6.10_for_ece847\blepo\src\debug\selectgoodfeatures.sbr
g:\stb\blepo_0.6.10_for_ece847\blepo\src\debug\pyramid.sbr
g:\stb\blepo_0.6.10_for_ece847\blepo\src\debug\pnmio.sbr
g:\stb\blepo_0.6.10_for_ece847\blepo\src\debug\klt_util.sbr
g:\stb\blepo_0.6.10_for_ece847\blepo\src\debug\klt.sbr
g:\stb\blepo_0.6.10_for_ece847\blepo\src\debug\error.sbr
g:\stb\blepo_0.6.10_for_ece847\blepo\src\debug\convolve.sbr
g:\stb\blepo_0.6.10_for_ece847\blepo\src\debug\convolve.obj
g:\stb\blepo_0.6.10_for_ece847\blepo\src\debug\error.obj
g:\stb\blepo_0.6.10_for_ece847\blepo\src\debug\klt.obj
g:\stb\blepo_0.6.10_for_ece847\blepo\src\debug\klt_util.obj
g:\stb\blepo_0.6.10_for_ece847\blepo\src\debug\pnmio.obj
g:\stb\blepo_0.6.10_for_ece847\blepo\src\debug\pyramid.obj
g:\stb\blepo_0.6.10_for_ece847\blepo\src\debug\selectgoodfeatures.obj
g:\stb\blepo_0.6.10_for_ece847\blepo\src\debug\storefeatures.obj
g:\stb\blepo_0.6.10_for_ece847\blepo\src\debug\trackfeatures.obj
g:\stb\blepo_0.6.10_for_ece847\blepo\src\debug\writefeatures.obj
g:\stb\blepo_0.6.10_for_ece847\blepo\src\debug\jcapimin.obj
g:\stb\blepo_0.6.10_for_ece847\blepo\src\debug\jcapistd.obj
g:\stb\blepo_0.6.10_for_ece847\blepo\src\debug\jccoefct.obj
g:\stb\blepo_0.6.10_for_ece847\blepo\src\debug\jccolor.obj
g:\stb\blepo_0.6.10_for_ece847\blepo\src\debug\jcdctmgr.obj
g:\stb\blepo_0.6.10_for_ece847\blepo\src\debug\jchuff.obj
g:\stb\blepo_0.6.10_for_ece847\blepo\src\debug\jcinit.obj
g:\stb\blepo_0.6.10_for_ece847\blepo\src\debug\jcmainct.obj
g:\stb\blepo_0.6.10_for_ece847\blepo\src\debug\jcmarker.obj
g:\stb\blepo_0.6.10_for_ece847\blepo\src\debug\mmx_absdiff.obj
g:\stb\blepo_0.6.10_for_ece847\blepo\src\debug\mmx_and.obj
g:\stb\blepo_0.6.10_for_ece847\blepo\src\debug\mmx_const_and.obj
g:\stb\blepo_0.6.10_for_ece847\blepo\src\debug\mmx_const_diff.obj
g:\stb\blepo_0.6.10_for_ece847\blepo\src\debug\mmx_const_or.obj
g:\stb\blepo_0.6.10_for_ece847\blepo\src\debug\mmx_const_sum.obj
g:\stb\blepo_0.6.10_for_ece847\blepo\src\debug\mmx_const_xor.obj
g:\stb\blepo_0.6.10_for_ece847\blepo\src\debug\mmx_convolve_prewitt_horiz_abs.obj
g:\stb\blepo_0.6.10_for_ece847\blepo\src\debug\mmx_convolve_prewitt_vert_abs.obj
g:\stb\blepo_0.6.10_for_ece847\blepo\src\debug\mmx_dilate.obj
g:\stb\blepo_0.6.10_for_ece847\blepo\src\debug\mmx_erode.obj
g:\stb\blepo_0.6.10_for_ece847\blepo\src\debug\mmx_gauss_1x3.obj
g:\stb\blepo_0.6.10_for_ece847\blepo\src\debug\mmx_gauss_3x1.obj
g:\stb\blepo_0.6.10_for_ece847\blepo\src\debug\mmx_not.obj
g:\stb\blepo_0.6.10_for_ece847\blepo\src\debug\mmx_or.obj
g:\stb\blepo_0.6.10_for_ece847\blepo\src\debug\mmx_shiftleft.obj
g:\stb\blepo_0.6.10_for_ece847\blepo\src\debug\mmx_shiftright.obj
g:\stb\blepo_0.6.10_for_ece847\blepo\src\debug\mmx_subtract.obj
g:\stb\blepo_0.6.10_for_ece847\blepo\src\debug\mmx_sum.obj
g:\stb\blepo_0.6.10_for_ece847\blepo\src\debug\mmx_supported.obj
g:\stb\blepo_0.6.10_for_ece847\blepo\src\debug\mmx_xor.obj
g:\stb\blepo_0.6.10_for_ece847\blepo\src\debug\xmm_absdiff.obj
g:\stb\blepo_0.6.10_for_ece847\blepo\src\debug\xmm_and.obj
g:\stb\blepo_0.6.10_for_ece847\blepo\src\debug\xmm_const_and.obj
g:\stb\blepo_0.6.10_for_ece847\blepo\src\debug\xmm_const_diff.obj
g:\stb\blepo_0.6.10_for_ece847\blepo\src\debug\xmm_const_or.obj
g:\stb\blepo_0.6.10_for_ece847\blepo\src\debug\xmm_const_sum.obj
g:\stb\blepo_0.6.10_for_ece847\blepo\src\debug\xmm_const_xor.obj
g:\stb\blepo_0.6.10_for_ece847\blepo\src\debug\xmm_not.obj
g:\stb\blepo_0.6.10_for_ece847\blepo\src\debug\xmm_or.obj
g:\stb\blepo_0.6.10_for_ece847\blepo\src\debug\xmm_shiftleft.obj
g:\stb\blepo_0.6.10_for_ece847\blepo\src\debug\xmm_shiftright.obj
g:\stb\blepo_0.6.10_for_ece847\blepo\src\debug\xmm_subtract.obj
g:\stb\blepo_0.6.10_for_ece847\blepo\src\debug\xmm_sum.obj
g:\stb\blepo_0.6.10_for_ece847\blepo\src\debug\xmm_xor.obj
g:\stb\blepo_0.6.10_for_ece847\blepo\src\debug\blepo.lib
g:\stb\blepo_0.6.10_for_ece847\blepo\src\.\debug\blepo.lib
g:\stb\blepo_0.6.10_for_ece847\blepo\src\debug\blepo.tlog\bscmake.command.1.tlog
g:\stb\blepo_0.6.10_for_ece847\blepo\src\debug\blepo.tlog\bscmake.read.1.tlog
g:\stb\blepo_0.6.10_for_ece847\blepo\src\debug\blepo.tlog\bscmake.write.1.tlog
g:\stb\blepo_0.6.10_for_ece847\blepo\src\debug\blepo.tlog\cl.command.1.tlog
g:\stb\blepo_0.6.10_for_ece847\blepo\src\debug\blepo.tlog\cl.read.1.tlog
g:\stb\blepo_0.6.10_for_ece847\blepo\src\debug\blepo.tlog\cl.write.1.tlog
g:\stb\blepo_0.6.10_for_ece847\blepo\src\debug\blepo.tlog\custombuild.command.1.tlog
g:\stb\blepo_0.6.10_for_ece847\blepo\src\debug\blepo.tlog\custombuild.read.1.tlog
g:\stb\blepo_0.6.10_for_ece847\blepo\src\debug\blepo.tlog\custombuild.write.1.tlog
g:\stb\blepo_0.6.10_for_ece847\blepo\src\debug\blepo.tlog\lib-link.read.1.tlog
g:\stb\blepo_0.6.10_for_ece847\blepo\src\debug\blepo.tlog\lib-link.write.1.tlog
g:\stb\blepo_0.6.10_for_ece847\blepo\src\debug\blepo.tlog\lib.command.1.tlog
